<?xml version="1.0" encoding="UTF-8"?>
<!-- Generated by org.testng.reporters.JUnitReportReporter -->
<testsuite skipped="0" hostname="Prajaktaka-VD" name="Script.Assignment1" tests="1" failures="0" timestamp="08 Nov 2023 10:11:31 GMT" time="20.099" errors="0">
  <testcase name="Testng" time="20.099" classname="Script.Assignment1"/>
</testsuite> <!-- Script.Assignment1 -->
