<?xml version="1.0" encoding="UTF-8"?>
<!-- Generated by org.testng.reporters.JUnitReportReporter -->
<testsuite skipped="0" hostname="Prajaktaka-VD" name="Script.Assignment1" tests="1" failures="0" timestamp="08 Nov 2023 09:28:38 GMT" time="10.845" errors="0">
  <testcase name="Testng" time="10.845" classname="Script.Assignment1"/>
</testsuite> <!-- Script.Assignment1 -->
